--------
/home/weima/MINAMI/src/minami/dta.Err
Tue Jun  7 15:48:19 2016
Execution stopped: Addr!=NULL, file /home/weima/MINAMI/src/glib-core/bd.h, line 494
--------
--------
/home/weima/MINAMI/src/minami/dta.Err
Tue Jun  7 15:49:01 2016
Execution stopped: Addr!=NULL, file /home/weima/MINAMI/src/glib-core/bd.h, line 494
--------
--------
/home/weima/MINAMI/src/minami/dta.Err
Tue Jun  7 15:49:36 2016
Execution stopped: Addr!=NULL, file /home/weima/MINAMI/src/glib-core/bd.h, line 494
--------
--------
/home/weima/MINAMI/src/minami/dta.Err
Tue Jun  7 15:50:31 2016
Execution stopped: Addr!=NULL, file /home/weima/MINAMI/src/glib-core/bd.h, line 494
--------
--------
/home/weima/MINAMI/src/minami/dta.Err
Tue Jun  7 15:50:48 2016
Execution stopped: Addr!=NULL, file /home/weima/MINAMI/src/glib-core/bd.h, line 494
--------
--------
/home/weima/MINAMI/src/minami/dta.Err
Tue Jun  7 15:51:10 2016
Execution stopped: Addr!=NULL, file /home/weima/MINAMI/src/glib-core/bd.h, line 494
--------
--------
/home/weima/MINAMI/src/minami/dta.Err
Tue Jun  7 15:53:15 2016
Execution stopped: Addr!=NULL, file /home/weima/MINAMI/src/glib-core/bd.h, line 494
--------
--------
/home/weima/MINAMI/src/minami/dta.Err
Tue Jun  7 15:54:21 2016
Execution stopped: Addr!=NULL, file /home/weima/MINAMI/src/glib-core/bd.h, line 494
--------
--------
/home/weima/MINAMI/src/minami/dta.Err
Tue Jun  7 15:55:14 2016
Execution stopped: Addr!=NULL, file /home/weima/MINAMI/src/glib-core/bd.h, line 494
--------
--------
/home/weima/MINAMI/src/minami/dta.Err
Tue Jun  7 15:57:52 2016
Execution stopped: Addr!=NULL, file /home/weima/MINAMI/src/glib-core/bd.h, line 494
--------
--------
/home/weima/MINAMI/src/minami/dta.Err
Tue Jun  7 15:58:27 2016
Execution stopped: Addr!=NULL, file /home/weima/MINAMI/src/glib-core/bd.h, line 494
--------
--------
/home/weima/MINAMI/src/minami/dta.Err
Tue Jun  7 16:18:07 2016
Execution stopped: (0<=ValN)&&(ValN<Vals) [Reason:'Index:-1 Vals:0 MxVals:13172785 Type:4TVecI11THashKeyDatI4TIntN7TNGraph5TNodeEEiE'], file /home/weima/MINAMI/src/glib-core/ds.h, line 455
--------
--------
/home/weima/MINAMI/src/minami/dta.Err
Tue Jun  7 16:19:58 2016
Execution stopped: (0<=ValN)&&(ValN<Vals) [Reason:'Index:-1 Vals:0 MxVals:22347825 Type:4TVecI11THashKeyDatI4TIntN7TNGraph5TNodeEEiE'], file /home/weima/MINAMI/src/glib-core/ds.h, line 455
--------
--------
/home/weima/MINAMI/src/minami/dta.Err
Tue Jun  7 16:20:13 2016
Execution stopped: (0<=ValN)&&(ValN<Vals) [Reason:'Index:-1 Vals:0 MxVals:19333169 Type:4TVecI11THashKeyDatI4TIntN7TNGraph5TNodeEEiE'], file /home/weima/MINAMI/src/glib-core/ds.h, line 455
--------
--------
/home/weima/MINAMI/src/minami/dta.Err
Tue Jun  7 16:20:24 2016
Execution stopped: (0<=ValN)&&(ValN<Vals) [Reason:'Index:-1 Vals:0 MxVals:11010097 Type:4TVecI11THashKeyDatI4TIntN7TNGraph5TNodeEEiE'], file /home/weima/MINAMI/src/glib-core/ds.h, line 455
--------
--------
/home/weima/MINAMI/src/minami/dta.Err
Tue Jun  7 16:21:48 2016
Execution stopped: (0<=ValN)&&(ValN<Vals) [Reason:'Index:-1 Vals:0 MxVals:23658545 Type:4TVecI11THashKeyDatI4TIntN7TNGraph5TNodeEEiE'], file /home/weima/MINAMI/src/glib-core/ds.h, line 455
--------
--------
/home/weima/MINAMI/src/minami/dta.Err
Tue Jun  7 16:22:22 2016
Execution stopped: (0<=ValN)&&(ValN<Vals) [Reason:'Index:-1 Vals:0 MxVals:8650801 Type:4TVecI11THashKeyDatI4TIntN7TNGraph5TNodeEEiE'], file /home/weima/MINAMI/src/glib-core/ds.h, line 455
--------
--------
/home/weima/MINAMI/src/minami/dta.Err
Tue Jun  7 16:36:25 2016
Execution stopped: Addr!=NULL, file /home/weima/MINAMI/src/glib-core/bd.h, line 494
--------
--------
/home/weima/MINAMI/src/minami/dta.Err
Tue Jun  7 16:37:03 2016
Execution stopped: Addr!=NULL, file /home/weima/MINAMI/src/glib-core/bd.h, line 494
--------
--------
/home/weima/MINAMI/src/minami/dta.Err
Tue Jun  7 16:41:54 2016
Execution stopped: Addr!=NULL, file /home/weima/MINAMI/src/glib-core/bd.h, line 494
--------
--------
/home/weima/MINAMI/src/minami/dta.Err
Tue Jun  7 16:45:22 2016
Execution stopped: Addr!=NULL, file /home/weima/MINAMI/src/glib-core/bd.h, line 494
--------
--------
/home/weima/MINAMI/src/minami/dta.Err
Tue Jun  7 16:50:50 2016
Execution stopped: Addr!=NULL, file /home/weima/MINAMI/src/glib-core/bd.h, line 494
--------
--------
/home/weima/MINAMI/src/minami/dta.Err
Tue Jun  7 16:51:27 2016
Execution stopped: Addr!=NULL, file /home/weima/MINAMI/src/glib-core/bd.h, line 494
--------
--------
/home/weima/MINAMI/src/minami/dta.Err
Tue Jun  7 17:56:15 2016
Execution stopped: (0<=ValN)&&(ValN<Vals) [Reason:'Index:3 Vals:3 MxVals:16 Type:4TVecIPciE'], file /home/weima/MINAMI/src/glib-core/ds.h, line 455
--------
--------
/home/weima/MINAMI/src/minami/dta.Err
Tue Jun  7 17:56:59 2016
Execution stopped: (0<=ValN)&&(ValN<Vals) [Reason:'Index:3 Vals:3 MxVals:16 Type:4TVecIPciE'], file /home/weima/MINAMI/src/glib-core/ds.h, line 455
--------
--------
/home/weima/MINAMI/src/minami/dta.Err
Tue Jun  7 17:57:20 2016
Execution stopped: (0<=ValN)&&(ValN<Vals) [Reason:'Index:3 Vals:3 MxVals:16 Type:4TVecIPciE'], file /home/weima/MINAMI/src/glib-core/ds.h, line 455
--------
--------
/home/weima/MINAMI/src/minami/dta.Err
Tue Jun  7 17:57:28 2016
Execution stopped: (0<=ValN)&&(ValN<Vals) [Reason:'Index:3 Vals:3 MxVals:16 Type:4TVecIPciE'], file /home/weima/MINAMI/src/glib-core/ds.h, line 455
--------
--------
/home/weima/MINAMI/src/minami/dta.Err
Tue Jun  7 17:57:41 2016
Execution stopped: (0<=ValN)&&(ValN<Vals) [Reason:'Index:3 Vals:3 MxVals:16 Type:4TVecIPciE'], file /home/weima/MINAMI/src/glib-core/ds.h, line 455
--------
--------
/home/weima/MINAMI/src/minami/dta.Err
Tue Jun  7 17:58:15 2016
Execution stopped: (0<=ValN)&&(ValN<Vals) [Reason:'Index:3 Vals:3 MxVals:16 Type:4TVecIPciE'], file /home/weima/MINAMI/src/glib-core/ds.h, line 455
--------
--------
/home/weima/MINAMI/src/minami/dta.Err
Tue Jun  7 17:58:33 2016
Execution stopped: (0<=ValN)&&(ValN<Vals) [Reason:'Index:3 Vals:3 MxVals:16 Type:4TVecIPciE'], file /home/weima/MINAMI/src/glib-core/ds.h, line 455
--------
--------
/home/weima/MINAMI/src/minami/dta.Err
Tue Jun  7 17:59:13 2016
Execution stopped: (0<=ValN)&&(ValN<Vals) [Reason:'Index:3 Vals:3 MxVals:16 Type:4TVecIPciE'], file /home/weima/MINAMI/src/glib-core/ds.h, line 455
--------
--------
/home/weima/MINAMI/src/minami/dta.Err
Tue Jun  7 18:00:06 2016
Execution stopped: (0<=ValN)&&(ValN<Vals) [Reason:'Index:3 Vals:3 MxVals:16 Type:4TVecIPciE'], file /home/weima/MINAMI/src/glib-core/ds.h, line 455
--------
--------
/home/weima/MINAMI/src/minami/dta.Err
Tue Jun  7 18:00:38 2016
Execution stopped: (0<=ValN)&&(ValN<Vals) [Reason:'Index:3 Vals:3 MxVals:16 Type:4TVecIPciE'], file /home/weima/MINAMI/src/glib-core/ds.h, line 455
--------
--------
/home/weima/MINAMI/src/minami/dta.Err
Tue Jun  7 21:25:43 2016
Execution stopped: (0<=ValN)&&(ValN<Vals) [Reason:'Index:0 Vals:0 MxVals:0 Type:4TVecI4TIntiE'], file /home/weima/MINAMI/src/glib-core/ds.h, line 455
--------
--------
/home/weima/MINAMI/src/minami/dta.Err
Tue Jun  7 21:26:17 2016
Execution stopped: (0<=ValN)&&(ValN<Vals) [Reason:'Index:0 Vals:0 MxVals:0 Type:4TVecI4TIntiE'], file /home/weima/MINAMI/src/glib-core/ds.h, line 455
--------
--------
/home/weima/MINAMI/src/minami/dta.Err
Tue Jun  7 21:27:37 2016
Execution stopped: (0<=ValN)&&(ValN<Vals) [Reason:'Index:0 Vals:0 MxVals:0 Type:4TVecI4TIntiE'], file /home/weima/MINAMI/src/glib-core/ds.h, line 455
--------
--------
/home/weima/MINAMI/src/minami/dta.Err
Tue Jun  7 21:30:22 2016
Execution stopped: (0<=ValN)&&(ValN<Vals) [Reason:'Index:0 Vals:0 MxVals:0 Type:4TVecI4TIntiE'], file /home/weima/MINAMI/src/glib-core/ds.h, line 455
--------
