Determining if the pthread_create exist failed with the following output:
Change Dir: /home/weima/MINAMI/build/CMakeFiles/CMakeTmp

Run Build Command:"/usr/bin/make" "cmTryCompileExec3604892610/fast"
/usr/bin/make -f CMakeFiles/cmTryCompileExec3604892610.dir/build.make CMakeFiles/cmTryCompileExec3604892610.dir/build
make[1]: Entering directory `/home/weima/MINAMI/build/CMakeFiles/CMakeTmp'
/usr/bin/cmake -E cmake_progress_report /home/weima/MINAMI/build/CMakeFiles/CMakeTmp/CMakeFiles 1
Building C object CMakeFiles/cmTryCompileExec3604892610.dir/CheckSymbolExists.c.o
/usr/bin/cc    -o CMakeFiles/cmTryCompileExec3604892610.dir/CheckSymbolExists.c.o   -c /home/weima/MINAMI/build/CMakeFiles/CMakeTmp/CheckSymbolExists.c
Linking C executable cmTryCompileExec3604892610
/usr/bin/cmake -E cmake_link_script CMakeFiles/cmTryCompileExec3604892610.dir/link.txt --verbose=1
/usr/bin/cc       CMakeFiles/cmTryCompileExec3604892610.dir/CheckSymbolExists.c.o  -o cmTryCompileExec3604892610 -rdynamic 
CMakeFiles/cmTryCompileExec3604892610.dir/CheckSymbolExists.c.o: In function `main':
CheckSymbolExists.c:(.text+0x16): undefined reference to `pthread_create'
collect2: error: ld returned 1 exit status
make[1]: Leaving directory `/home/weima/MINAMI/build/CMakeFiles/CMakeTmp'
make[1]: *** [cmTryCompileExec3604892610] Error 1
make: *** [cmTryCompileExec3604892610/fast] Error 2

File /home/weima/MINAMI/build/CMakeFiles/CMakeTmp/CheckSymbolExists.c:
/* */
#include <pthread.h>

int main(int argc, char** argv)
{
  (void)argv;
#ifndef pthread_create
  return ((int*)(&pthread_create))[argc];
#else
  (void)argc;
  return 0;
#endif
}

Determining if the function pthread_create exists in the pthreads failed with the following output:
Change Dir: /home/weima/MINAMI/build/CMakeFiles/CMakeTmp

Run Build Command:"/usr/bin/make" "cmTryCompileExec1063666749/fast"
/usr/bin/make -f CMakeFiles/cmTryCompileExec1063666749.dir/build.make CMakeFiles/cmTryCompileExec1063666749.dir/build
make[1]: Entering directory `/home/weima/MINAMI/build/CMakeFiles/CMakeTmp'
/usr/bin/cmake -E cmake_progress_report /home/weima/MINAMI/build/CMakeFiles/CMakeTmp/CMakeFiles 1
Building C object CMakeFiles/cmTryCompileExec1063666749.dir/CheckFunctionExists.c.o
/usr/bin/cc   -DCHECK_FUNCTION_EXISTS=pthread_create   -o CMakeFiles/cmTryCompileExec1063666749.dir/CheckFunctionExists.c.o   -c /usr/share/cmake-3.2/Modules/CheckFunctionExists.c
Linking C executable cmTryCompileExec1063666749
/usr/bin/cmake -E cmake_link_script CMakeFiles/cmTryCompileExec1063666749.dir/link.txt --verbose=1
/usr/bin/cc   -DCHECK_FUNCTION_EXISTS=pthread_create    CMakeFiles/cmTryCompileExec1063666749.dir/CheckFunctionExists.c.o  -o cmTryCompileExec1063666749 -rdynamic -lpthreads 
/usr/bin/ld: cannot find -lpthreads
collect2: error: ld returned 1 exit status
make[1]: Leaving directory `/home/weima/MINAMI/build/CMakeFiles/CMakeTmp'
make[1]: *** [cmTryCompileExec1063666749] Error 1
make: *** [cmTryCompileExec1063666749/fast] Error 2


